<?xml version="1.0" encoding="UTF-8"?>
<!-- Generated by org.testng.reporters.JUnitReportReporter -->
<testsuite hostname="IB-Pune-LAP-200" failures="0" tests="5" name="eComm.EcommApiTest" time="4.838" errors="0" timestamp="2022-11-21T13:47:23 IST" skipped="0">
  <testcase classname="eComm.EcommApiTest" name="Login" time="3.369"/>
  <system-out/>
  <testcase classname="eComm.EcommApiTest" name="AddProduct" time="1.065"/>
  <system-out/>
  <testcase classname="eComm.EcommApiTest" name="CreateOrder" time="0.159"/>
  <system-out/>
  <testcase classname="eComm.EcommApiTest" name="ViewOrderDeatils" time="0.148"/>
  <system-out/>
  <testcase classname="eComm.EcommApiTest" name="DeleteOrder" time="0.097"/>
  <system-out/>
</testsuite> <!-- eComm.EcommApiTest -->
