<?xml version="1.0" encoding="UTF-8"?>
<!-- Generated by org.testng.reporters.JUnitReportReporter -->
<testsuite hostname="IB-Pune-LAP-200" failures="0" tests="5" name="eComm.EcommApiTest" time="3.662" errors="0" timestamp="2022-11-22T11:55:46 IST" skipped="0">
  <testcase classname="eComm.EcommApiTest" name="Login" time="2.550"/>
  <system-out/>
  <testcase classname="eComm.EcommApiTest" name="AddProduct" time="0.809"/>
  <system-out/>
  <testcase classname="eComm.EcommApiTest" name="CreateOrder" time="0.121"/>
  <system-out/>
  <testcase classname="eComm.EcommApiTest" name="ViewOrderDeatils" time="0.085"/>
  <system-out/>
  <testcase classname="eComm.EcommApiTest" name="DeleteOrder" time="0.097"/>
  <system-out/>
</testsuite> <!-- eComm.EcommApiTest -->
