<?xml version="1.0" encoding="UTF-8"?>
<!-- Generated by org.testng.reporters.JUnitReportReporter -->
<testsuite hostname="IB-Pune-LAP-200" failures="0" tests="5" name="eComm.EcommApiTest" time="4.815" errors="0" timestamp="2022-12-02T16:25:35 IST" skipped="0">
  <testcase classname="eComm.EcommApiTest" name="Login" time="3.257"/>
  <system-out/>
  <testcase classname="eComm.EcommApiTest" name="AddProduct" time="1.088"/>
  <system-out/>
  <testcase classname="eComm.EcommApiTest" name="CreateOrder" time="0.165"/>
  <system-out/>
  <testcase classname="eComm.EcommApiTest" name="ViewOrderDeatils" time="0.142"/>
  <system-out/>
  <testcase classname="eComm.EcommApiTest" name="DeleteOrder" time="0.163"/>
  <system-out/>
</testsuite> <!-- eComm.EcommApiTest -->
