<?xml version="1.0" encoding="UTF-8"?>
<!-- Generated by org.testng.reporters.JUnitReportReporter -->
<testsuite hostname="IB-Pune-LAP-200" failures="0" tests="5" name="eComm.EcommApiTest" time="3.846" errors="0" timestamp="2022-11-21T14:22:04 IST" skipped="0">
  <testcase classname="eComm.EcommApiTest" name="Login" time="2.564"/>
  <system-out/>
  <testcase classname="eComm.EcommApiTest" name="AddProduct" time="0.864"/>
  <system-out/>
  <testcase classname="eComm.EcommApiTest" name="CreateOrder" time="0.161"/>
  <system-out/>
  <testcase classname="eComm.EcommApiTest" name="ViewOrderDeatils" time="0.158"/>
  <system-out/>
  <testcase classname="eComm.EcommApiTest" name="DeleteOrder" time="0.099"/>
  <system-out/>
</testsuite> <!-- eComm.EcommApiTest -->
